This is pdfTeX, Version 3.14159265-2.6-1.40.16 (TeX Live 2015/Debian) (preloaded format=pdflatex 2019.5.14)  15 MAY 2019 02:04
entering extended mode
 restricted \write18 enabled.
 %&-line parsing enabled.
**Articulo.tex
(./Articulo.tex
LaTeX2e <2016/02/01>
Babel <3.9q> and hyphenation patterns for 81 language(s) loaded.
(./IEEEtran.cls
Document Class: IEEEtran 2007/03/05 V1.7a by Michael Shell
-- See the "IEEEtran_HOWTO" manual for usage information.
-- http://www.michaelshell.org/tex/ieeetran/
\@IEEEtrantmpdimenA=\dimen102
\@IEEEtrantmpdimenB=\dimen103
\@IEEEtrantmpcountA=\count79
\@IEEEtrantmpcountB=\count80
\@IEEEtrantmptoksA=\toks14
LaTeX Font Info:    Try loading font information for OT1+ptm on input line 366.

(/usr/share/texlive/texmf-dist/tex/latex/psnfss/ot1ptm.fd
File: ot1ptm.fd 2001/06/04 font definitions for OT1/ptm.
)
-- Using 8.5in x 11in (letter) paper.
-- Using PDF output.
\@IEEEnormalsizeunitybaselineskip=\dimen104
-- This is a 10 point document.
\CLASSINFOnormalsizebaselineskip=\dimen105
\CLASSINFOnormalsizeunitybaselineskip=\dimen106
\IEEEnormaljot=\dimen107
LaTeX Font Info:    Font shape `OT1/ptm/bx/n' in size <5> not available
(Font)              Font shape `OT1/ptm/b/n' tried instead on input line 724.
LaTeX Font Info:    Font shape `OT1/ptm/bx/it' in size <5> not available
(Font)              Font shape `OT1/ptm/b/it' tried instead on input line 724.
LaTeX Font Info:    Font shape `OT1/ptm/bx/n' in size <7> not available
(Font)              Font shape `OT1/ptm/b/n' tried instead on input line 724.
LaTeX Font Info:    Font shape `OT1/ptm/bx/it' in size <7> not available
(Font)              Font shape `OT1/ptm/b/it' tried instead on input line 724.
LaTeX Font Info:    Font shape `OT1/ptm/bx/n' in size <8> not available
(Font)              Font shape `OT1/ptm/b/n' tried instead on input line 724.
LaTeX Font Info:    Font shape `OT1/ptm/bx/it' in size <8> not available
(Font)              Font shape `OT1/ptm/b/it' tried instead on input line 724.
LaTeX Font Info:    Font shape `OT1/ptm/bx/n' in size <9> not available
(Font)              Font shape `OT1/ptm/b/n' tried instead on input line 724.
LaTeX Font Info:    Font shape `OT1/ptm/bx/it' in size <9> not available
(Font)              Font shape `OT1/ptm/b/it' tried instead on input line 724.
LaTeX Font Info:    Font shape `OT1/ptm/bx/n' in size <10> not available
(Font)              Font shape `OT1/ptm/b/n' tried instead on input line 724.
LaTeX Font Info:    Font shape `OT1/ptm/bx/it' in size <10> not available
(Font)              Font shape `OT1/ptm/b/it' tried instead on input line 724.
LaTeX Font Info:    Font shape `OT1/ptm/bx/n' in size <11> not available
(Font)              Font shape `OT1/ptm/b/n' tried instead on input line 724.
LaTeX Font Info:    Font shape `OT1/ptm/bx/it' in size <11> not available
(Font)              Font shape `OT1/ptm/b/it' tried instead on input line 724.
LaTeX Font Info:    Font shape `OT1/ptm/bx/n' in size <12> not available
(Font)              Font shape `OT1/ptm/b/n' tried instead on input line 724.
LaTeX Font Info:    Font shape `OT1/ptm/bx/it' in size <12> not available
(Font)              Font shape `OT1/ptm/b/it' tried instead on input line 724.
LaTeX Font Info:    Font shape `OT1/ptm/bx/n' in size <17> not available
(Font)              Font shape `OT1/ptm/b/n' tried instead on input line 724.
LaTeX Font Info:    Font shape `OT1/ptm/bx/it' in size <17> not available
(Font)              Font shape `OT1/ptm/b/it' tried instead on input line 724.
LaTeX Font Info:    Font shape `OT1/ptm/bx/n' in size <20> not available
(Font)              Font shape `OT1/ptm/b/n' tried instead on input line 724.
LaTeX Font Info:    Font shape `OT1/ptm/bx/it' in size <20> not available
(Font)              Font shape `OT1/ptm/b/it' tried instead on input line 724.
LaTeX Font Info:    Font shape `OT1/ptm/bx/n' in size <24> not available
(Font)              Font shape `OT1/ptm/b/n' tried instead on input line 724.
LaTeX Font Info:    Font shape `OT1/ptm/bx/it' in size <24> not available
(Font)              Font shape `OT1/ptm/b/it' tried instead on input line 724.
\IEEEilabelindentA=\dimen108
\IEEEilabelindentB=\dimen109
\IEEEilabelindent=\dimen110
\IEEEelabelindent=\dimen111
\IEEEdlabelindent=\dimen112
\IEEElabelindent=\dimen113
\IEEEiednormlabelsep=\dimen114
\IEEEiedmathlabelsep=\dimen115
\IEEEiedtopsep=\skip41
\c@section=\count81
\c@subsection=\count82
\c@subsubsection=\count83
\c@paragraph=\count84
\c@IEEEsubequation=\count85
\abovecaptionskip=\skip42
\belowcaptionskip=\skip43
\c@figure=\count86
\c@table=\count87
\@IEEEeqnnumcols=\count88
\@IEEEeqncolcnt=\count89
\@IEEEtmpitemindent=\dimen116
\c@IEEEbiography=\count90
\@IEEEtranrubishbin=\box26
) (/usr/share/texlive/texmf-dist/tex/latex/xcolor/xcolor.sty
Package: xcolor 2007/01/21 v2.11 LaTeX color extensions (UK)

(/usr/share/texlive/texmf-dist/tex/latex/latexconfig/color.cfg
File: color.cfg 2007/01/18 v1.5 color configuration of teTeX/TeXLive
)
Package xcolor Info: Driver file: pdftex.def on input line 225.

(/usr/share/texlive/texmf-dist/tex/latex/pdftex-def/pdftex.def
File: pdftex.def 2011/05/27 v0.06d Graphics/color for pdfTeX

(/usr/share/texlive/texmf-dist/tex/generic/oberdiek/infwarerr.sty
Package: infwarerr 2010/04/08 v1.3 Providing info/warning/error messages (HO)
)
(/usr/share/texlive/texmf-dist/tex/generic/oberdiek/ltxcmds.sty
Package: ltxcmds 2011/11/09 v1.22 LaTeX kernel commands for general use (HO)
)
\Gread@gobject=\count91
)
Package xcolor Info: Model `cmy' substituted by `cmy0' on input line 1337.
Package xcolor Info: Model `hsb' substituted by `rgb' on input line 1341.
Package xcolor Info: Model `RGB' extended on input line 1353.
Package xcolor Info: Model `HTML' substituted by `rgb' on input line 1355.
Package xcolor Info: Model `Hsb' substituted by `hsb' on input line 1356.
Package xcolor Info: Model `tHsb' substituted by `hsb' on input line 1357.
Package xcolor Info: Model `HSB' substituted by `hsb' on input line 1358.
Package xcolor Info: Model `Gray' substituted by `gray' on input line 1359.
Package xcolor Info: Model `wave' substituted by `hsb' on input line 1360.
)
(/usr/share/texlive/texmf-dist/tex/latex/soul/soul.sty
Package: soul 2003/11/17 v2.4 letterspacing/underlining (mf)
\SOUL@word=\toks15
\SOUL@lasttoken=\toks16
\SOUL@cmds=\toks17
\SOUL@buffer=\toks18
\SOUL@token=\toks19
\SOUL@spaceskip=\skip44
\SOUL@ttwidth=\dimen117
\SOUL@uldp=\dimen118
\SOUL@ulht=\dimen119
)
(/usr/share/texlive/texmf-dist/tex/latex/framed/framed.sty
Package: framed 2011/10/22 v 0.96: framed or shaded text with page breaks
\OuterFrameSep=\skip45
\fb@frw=\dimen120
\fb@frh=\dimen121
\FrameRule=\dimen122
\FrameSep=\dimen123
)
(/usr/share/texlive/texmf-dist/tex/generic/babel/babel.sty
Package: babel 2016/02/24 3.9q The Babel package

(/usr/share/texlive/texmf-dist/tex/generic/babel-spanish/spanish.ldf
Language: spanish.ldf 2016/01/15 v5.0o Spanish support from the babel system

(/usr/share/texlive/texmf-dist/tex/generic/babel/babel.def
File: babel.def 2016/02/24 3.9q Babel common definitions
\babel@savecnt=\count92
\U@D=\dimen124
)
\es@quottoks=\toks20
\es@quotdepth=\count93
Package babel Info: Making " an active character on input line 533.
Package babel Info: Making . an active character on input line 634.
Package babel Info: Making < an active character on input line 679.
Package babel Info: Making > an active character on input line 679.
))
(/usr/share/texlive/texmf-dist/tex/latex/graphics/graphicx.sty
Package: graphicx 2014/10/28 v1.0g Enhanced LaTeX Graphics (DPC,SPQR)

(/usr/share/texlive/texmf-dist/tex/latex/graphics/keyval.sty
Package: keyval 2014/10/28 v1.15 key=value parser (DPC)
\KV@toks@=\toks21
)
(/usr/share/texlive/texmf-dist/tex/latex/graphics/graphics.sty
Package: graphics 2016/01/03 v1.0q Standard LaTeX Graphics (DPC,SPQR)

(/usr/share/texlive/texmf-dist/tex/latex/graphics/trig.sty
Package: trig 2016/01/03 v1.10 sin cos tan (DPC)
)
(/usr/share/texlive/texmf-dist/tex/latex/latexconfig/graphics.cfg
File: graphics.cfg 2010/04/23 v1.9 graphics configuration of TeX Live
)
Package graphics Info: Driver file: pdftex.def on input line 95.
)
\Gin@req@height=\dimen125
\Gin@req@width=\dimen126
)
(/usr/share/texlive/texmf-dist/tex/latex/amsmath/amsmath.sty
Package: amsmath 2016/03/03 v2.15a AMS math features
\@mathmargin=\skip46

For additional information on amsmath, use the `?' option.
(/usr/share/texlive/texmf-dist/tex/latex/amsmath/amstext.sty
Package: amstext 2000/06/29 v2.01 AMS text

(/usr/share/texlive/texmf-dist/tex/latex/amsmath/amsgen.sty
File: amsgen.sty 1999/11/30 v2.0 generic functions
\@emptytoks=\toks22
\ex@=\dimen127
))
(/usr/share/texlive/texmf-dist/tex/latex/amsmath/amsbsy.sty
Package: amsbsy 1999/11/29 v1.2d Bold Symbols
\pmbraise@=\dimen128
)
(/usr/share/texlive/texmf-dist/tex/latex/amsmath/amsopn.sty
Package: amsopn 1999/12/14 v2.01 operator names
)
\inf@bad=\count94
LaTeX Info: Redefining \frac on input line 199.
\uproot@=\count95
\leftroot@=\count96
LaTeX Info: Redefining \overline on input line 297.
\classnum@=\count97
\DOTSCASE@=\count98
LaTeX Info: Redefining \ldots on input line 394.
LaTeX Info: Redefining \dots on input line 397.
LaTeX Info: Redefining \cdots on input line 518.
\Mathstrutbox@=\box27
\strutbox@=\box28
\big@size=\dimen129
LaTeX Font Info:    Redeclaring font encoding OML on input line 630.
LaTeX Font Info:    Redeclaring font encoding OMS on input line 631.
\macc@depth=\count99
\c@MaxMatrixCols=\count100
\dotsspace@=\muskip10
\c@parentequation=\count101
\dspbrk@lvl=\count102
\tag@help=\toks23
\row@=\count103
\column@=\count104
\maxfields@=\count105
\andhelp@=\toks24
\eqnshift@=\dimen130
\alignsep@=\dimen131
\tagshift@=\dimen132
\tagwidth@=\dimen133
\totwidth@=\dimen134
\lineht@=\dimen135
\@envbody=\toks25
\multlinegap=\skip47
\multlinetaggap=\skip48
\mathdisplay@stack=\toks26
LaTeX Info: Redefining \[ on input line 2735.
LaTeX Info: Redefining \] on input line 2736.
)
(/usr/share/texlive/texmf-dist/tex/latex/tools/array.sty
Package: array 2014/10/28 v2.4c Tabular extension package (FMi)
\col@sep=\dimen136
\extrarowheight=\dimen137
\NC@list=\toks27
\extratabsurround=\skip49
\backup@length=\skip50
)
(/usr/share/texlive/texmf-dist/tex/latex/mdwtools/mdwmath.sty
Package: mdwmath 1996/04/11 1.1 Nice mathematical things
\sq@sqrt=\count106
LaTeX Info: Redefining \sqrt on input line 84.
)
(/usr/share/texlive/texmf-dist/tex/latex/mdwtools/mdwtab.sty
Package: mdwtab 1998/04/28 1.9 Table typesetting with style
\tab@state=\count107
\tab@columns=\count108
\tab@preamble=\toks28
\tab@shortline=\toks29
\extrarowheight=\dimen138
\tabextrasep=\dimen139
\arrayextrasep=\dimen140
\smarraycolsep=\dimen141
\smarrayextrasep=\dimen142
\tab@width=\dimen143
\col@sep=\dimen144
\tab@endheight=\dimen145
\tab@leftskip=\skip51
\tab@rightskip=\skip52
\fn@notes=\box29
\fn@width=\dimen146
)
(/usr/share/texlive/texmf-dist/tex/latex/eqparbox/eqparbox.sty
Package: eqparbox 2013/03/15 v4.0 Create equal-widthed boxes
\eqp@tempdima=\skip53
\eqp@tempdimb=\skip54
\eqp@tabular@box=\box30
\eqp@list@box=\box31
\eqp@list@indent=\skip55

(/usr/share/texlive/texmf-dist/tex/latex/environ/environ.sty
Package: environ 2014/05/04 v0.3 A new way to define environments

(/usr/share/texlive/texmf-dist/tex/latex/trimspaces/trimspaces.sty
Package: trimspaces 2009/09/17 v1.1 Trim spaces around a token list
)))
(/usr/share/texlive/texmf-dist/tex/latex/url/url.sty
\Urlmuskip=\muskip11
Package: url 2013/09/16  ver 3.4  Verb mode for urls, etc.
) (./Articulo.aux
LaTeX Info: Redefining \. on input line 15.
LaTeX Info: Redefining \% on input line 15.
)
\openout1 = `Articulo.aux'.

LaTeX Font Info:    Checking defaults for OML/cmm/m/it on input line 47.
LaTeX Font Info:    ... okay on input line 47.
LaTeX Font Info:    Checking defaults for T1/cmr/m/n on input line 47.
LaTeX Font Info:    ... okay on input line 47.
LaTeX Font Info:    Checking defaults for OT1/cmr/m/n on input line 47.
LaTeX Font Info:    ... okay on input line 47.
LaTeX Font Info:    Checking defaults for OMS/cmsy/m/n on input line 47.
LaTeX Font Info:    ... okay on input line 47.
LaTeX Font Info:    Checking defaults for OMX/cmex/m/n on input line 47.
LaTeX Font Info:    ... okay on input line 47.
LaTeX Font Info:    Checking defaults for U/cmr/m/n on input line 47.
LaTeX Font Info:    ... okay on input line 47.

(/usr/share/texlive/texmf-dist/tex/context/base/supp-pdf.mkii
[Loading MPS to PDF converter (version 2006.09.02).]
\scratchcounter=\count109
\scratchdimen=\dimen147
\scratchbox=\box32
\nofMPsegments=\count110
\nofMParguments=\count111
\everyMPshowfont=\toks30
\MPscratchCnt=\count112
\MPscratchDim=\dimen148
\MPnumerator=\count113
\makeMPintoPDFobject=\count114
\everyMPtoPDFconversion=\toks31
)
LaTeX Info: Redefining \. on input line 47.
LaTeX Info: Redefining \% on input line 47.
 (/usr/share/texlive/texmf-dist/tex/generic/oberdiek/pdftexcmds.sty
Package: pdftexcmds 2011/11/29 v0.20 Utility functions of pdfTeX for LuaTeX (HO
)

(/usr/share/texlive/texmf-dist/tex/generic/oberdiek/ifluatex.sty
Package: ifluatex 2010/03/01 v1.3 Provides the ifluatex switch (HO)
Package ifluatex Info: LuaTeX not detected.
)
(/usr/share/texlive/texmf-dist/tex/generic/oberdiek/ifpdf.sty
Package: ifpdf 2011/01/30 v2.3 Provides the ifpdf switch (HO)
Package ifpdf Info: pdfTeX in PDF mode is detected.
)
Package pdftexcmds Info: LuaTeX not detected.
Package pdftexcmds Info: \pdf@primitive is available.
Package pdftexcmds Info: \pdf@ifprimitive is available.
Package pdftexcmds Info: \pdfdraftmode found.
)
(/usr/share/texlive/texmf-dist/tex/latex/oberdiek/epstopdf-base.sty
Package: epstopdf-base 2010/02/09 v2.5 Base part for package epstopdf

(/usr/share/texlive/texmf-dist/tex/latex/oberdiek/grfext.sty
Package: grfext 2010/08/19 v1.1 Manage graphics extensions (HO)

(/usr/share/texlive/texmf-dist/tex/generic/oberdiek/kvdefinekeys.sty
Package: kvdefinekeys 2011/04/07 v1.3 Define keys (HO)
))
(/usr/share/texlive/texmf-dist/tex/latex/oberdiek/kvoptions.sty
Package: kvoptions 2011/06/30 v3.11 Key value format for package options (HO)

(/usr/share/texlive/texmf-dist/tex/generic/oberdiek/kvsetkeys.sty
Package: kvsetkeys 2012/04/25 v1.16 Key value parser (HO)

(/usr/share/texlive/texmf-dist/tex/generic/oberdiek/etexcmds.sty
Package: etexcmds 2011/02/16 v1.5 Avoid name clashes with e-TeX commands (HO)
Package etexcmds Info: Could not find \expanded.
(etexcmds)             That can mean that you are not using pdfTeX 1.50 or
(etexcmds)             that some package has redefined \expanded.
(etexcmds)             In the latter case, load this package earlier.
)))
Package grfext Info: Graphics extension search list:
(grfext)             [.pdf,.jpeg,.png,.eps]
(grfext)             \AppendGraphicsExtensions on input line 452.

(/usr/share/texlive/texmf-dist/tex/latex/latexconfig/epstopdf-sys.cfg
File: epstopdf-sys.cfg 2010/07/13 v1.3 Configuration of (r)epstopdf for TeX Liv
e
))
Underfull \hbox (badness 10000) in paragraph at lines 84--86

 []


Underfull \hbox (badness 10000) in paragraph at lines 84--86

 []

Missing character: There is no ñ in font ptmr7t!
Missing character: There is no ¿ in font ptmr7t!
Missing character: There is no ¿ in font ptmr7t!
Missing character: There is no ¿ in font ptmr7t!

Underfull \hbox (badness 10000) in paragraph at lines 112--120
\OT1/ptm/m/n/10 La vi-si[]on compu-tacio-nal cl[]asi-ca (an[]ali-sis de
 []


Underfull \hbox (badness 3492) in paragraph at lines 112--120
\OT1/ptm/m/n/10 com-ple-ji-dad al-gor[]^^Ptmi-ca, op-ti-mi-za-ci[]on de re-cur-
sos, etc)
 []


Underfull \hbox (badness 1430) in paragraph at lines 112--120
\OT1/ptm/m/n/10 un co-mien-zo en la in-dus-tria del hard-wa-re orien-ta-do al
 []

Missing character: There is no ñ in font ptmr7t!
<pdf/NASA_Mars_Rover.jpg, id=1, 803.0pt x 642.4pt>
File: pdf/NASA_Mars_Rover.jpg Graphic file (type jpg)

<use pdf/NASA_Mars_Rover.jpg>
Package pdftex.def Info: pdf/NASA_Mars_Rover.jpg used on input line 125.
(pdftex.def)             Requested size: 252.94499pt x 202.35707pt.

Overfull \hbox (0.94499pt too wide) in paragraph at lines 125--125
 [] 
 []


Underfull \hbox (badness 10000) in paragraph at lines 136--146
[]\OT1/ptm/m/n/10 En im[]age-nes, You Only Look On-ce (YO-LO)
 []


Underfull \hbox (badness 1515) in paragraph at lines 136--146
\OT1/ptm/m/n/10 se ana-li-zan seg[]un el pun-ta-je de con-fian-za pre-vis-to. L
a
 []

LaTeX Info: Redefining \. on input line 146.
LaTeX Info: Redefining \% on input line 146.
[1{/var/lib/texmf/fonts/map/pdftex/updmap/pdftex.map}


 <./pdf/NASA_Mars_Rover.jpg>] <pdf/yolo.png, id=11, 1041.8925pt x 469.755pt>
File: pdf/yolo.png Graphic file (type png)
 <use pdf/yolo.png>
Package pdftex.def Info: pdf/yolo.png used on input line 153.
(pdftex.def)             Requested size: 252.94499pt x 114.04088pt.

Overfull \hbox (0.94499pt too wide) in paragraph at lines 153--153
 [] 
 []

<pdf/yoloentrada1.jpg, id=12, 187.5735pt x 126.144pt>
File: pdf/yoloentrada1.jpg Graphic file (type jpg)

<use pdf/yoloentrada1.jpg>
Package pdftex.def Info: pdf/yoloentrada1.jpg used on input line 163.
(pdftex.def)             Requested size: 144.54pt x 97.20816pt.

<pdf/yoloentrada3.jpg, id=13, 213.1965pt x 124.83pt>
File: pdf/yoloentrada3.jpg Graphic file (type jpg)

<use pdf/yoloentrada3.jpg>
Package pdftex.def Info: pdf/yoloentrada3.jpg used on input line 173.
(pdftex.def)             Requested size: 144.54pt x 84.63374pt.

<pdf/yoloentrada4.jpg, id=14, 123.8445pt x 124.173pt>
File: pdf/yoloentrada4.jpg Graphic file (type jpg)

<use pdf/yoloentrada4.jpg>
Package pdftex.def Info: pdf/yoloentrada4.jpg used on input line 183.
(pdftex.def)             Requested size: 144.54pt x 144.9237pt.

<pdf/yoloentrada5.jpg, id=15, 1204.5pt x 328.97906pt>
File: pdf/yoloentrada5.jpg Graphic file (type jpg)

<use pdf/yoloentrada5.jpg>
Package pdftex.def Info: pdf/yoloentrada5.jpg used on input line 194.
(pdftex.def)             Requested size: 252.94499pt x 69.08261pt.

Overfull \hbox (0.94499pt too wide) in paragraph at lines 194--194
 [] 
 []

Missing character: There is no ñ in font ptmr7t!
Missing character: There is no ñ in font ptmr7t!

Underfull \vbox (badness 10000) has occurred while \output is active []

LaTeX Font Info:    Try loading font information for OMS+ptm on input line 211.


(/usr/share/texlive/texmf-dist/tex/latex/psnfss/omsptm.fd
File: omsptm.fd 
)
LaTeX Font Info:    Font shape `OMS/ptm/m/n' in size <10> not available
(Font)              Font shape `OMS/cmsy/m/n' tried instead on input line 211.
LaTeX Font Info:    External font `cmex10' loaded for size
(Font)              <7> on input line 213.
LaTeX Font Info:    External font `cmex10' loaded for size
(Font)              <5> on input line 213.
Missing character: There is no Ó in font ptmr7t!
LaTeX Info: Redefining \. on input line 238.
LaTeX Info: Redefining \% on input line 238.
 [2 <./pdf/yolo.png> <./pdf/yoloentrada1.jpg> <./pdf/yoloentrada3.jpg> <./pdf/y
oloentrada4.jpg> <./pdf/yoloentrada5.jpg>]
Missing character: There is no ñ in font ptmr7t!

Underfull \hbox (badness 10000) in paragraph at lines 267--268
[]\OT1/ptm/m/n/10 Se han he-cho ex-pe-ri-men-tos usan-do un ras-trea-dor
 []


Underfull \hbox (badness 7081) in paragraph at lines 267--268
\OT1/ptm/m/n/10 ?Eye-tri-be? que tie-ne una pre-ci-si[]on muy sa-tis-fac-to-ria

 []


Underfull \hbox (badness 2173) in paragraph at lines 267--268
\OT1/ptm/m/n/10 y pue-de pro-du-cir bue-nos da-tos de sa-li-da, por lo que
 []


Underfull \hbox (badness 1515) in paragraph at lines 267--268
\OT1/ptm/m/n/10 se-gui-mien-to ocu-lar pro-por-cio-na in-for-ma-ci[]on []util p
a-ra el
 []

<pdf/eyeTracking1.jpg, id=20, 367.3725pt x 374.90062pt>
File: pdf/eyeTracking1.jpg Graphic file (type jpg)

<use pdf/eyeTracking1.jpg>
Package pdftex.def Info: pdf/eyeTracking1.jpg used on input line 275.
(pdftex.def)             Requested size: 252.94499pt x 258.13254pt.

Overfull \hbox (0.94499pt too wide) in paragraph at lines 275--275
 [] 
 []

Missing character: There is no ñ in font ptmr7t!
Missing character: There is no ñ in font ptmr7t!
Missing character: There is no · in font ptmr7t!
<pdf/obama_fake.jpeg, id=21, 1204.5pt x 803.0pt>
File: pdf/obama_fake.jpeg Graphic file (type jpg)
 <use pdf/obama_fake.jpeg>
Package pdftex.def Info: pdf/obama_fake.jpeg used on input line 293.
(pdftex.def)             Requested size: 252.94499pt x 168.62273pt.

Overfull \hbox (0.94499pt too wide) in paragraph at lines 293--293
 [] 
 []

LaTeX Info: Redefining \. on input line 304.
LaTeX Info: Redefining \% on input line 304.
[3 <./pdf/eyeTracking1.jpg>] (./Articulo.bbl
Missing character: There is no Â in font ptmr7t!
Missing character: There is no ® in font ptmr7t!
Missing character: There is no Â in font ptmr7t!
Missing character: There is no ® in font ptmr7t!

Underfull \hbox (badness 4217) in paragraph at lines 71--75
[]\OT1/ptm/m/n/8 Shokishalov, Z. and Wang, H. (2019).
 []


Underfull \hbox (badness 10000) in paragraph at lines 77--80
[]\OT1/ptm/m/n/8 Suwajanakorn, S., Seitz, S. M., and
 []

)
LaTeX Info: Redefining \. on input line 377.
LaTeX Info: Redefining \% on input line 377.
 [4 <./pdf/obama_fake.jpeg>] (./Articulo.aux
LaTeX Info: Redefining \. on input line 15.
LaTeX Info: Redefining \% on input line 15.
) ) 
Here is how much of TeX's memory you used:
 4805 strings out of 493029
 66990 string characters out of 6136234
 158181 words of memory out of 5000000
 8259 multiletter control sequences out of 15000+600000
 37737 words of font info for 67 fonts, out of 8000000 for 9000
 1141 hyphenation exceptions out of 8191
 38i,6n,35p,736b,384s stack positions out of 5000i,500n,10000p,200000b,80000s
{/usr/share/texlive/texmf-dist/fonts/enc/dvips/base/8r.enc}</usr/share/texli
ve/texmf-dist/fonts/type1/public/amsfonts/cm/cmsy10.pfb></usr/share/texlive/tex
mf-dist/fonts/type1/urw/times/utmb8a.pfb></usr/share/texlive/texmf-dist/fonts/t
ype1/urw/times/utmbi8a.pfb></usr/share/texlive/texmf-dist/fonts/type1/urw/times
/utmr8a.pfb></usr/share/texlive/texmf-dist/fonts/type1/urw/times/utmri8a.pfb>
Output written on Articulo.pdf (4 pages, 1177482 bytes).
PDF statistics:
 46 PDF objects out of 1000 (max. 8388607)
 26 compressed objects within 1 object stream
 0 named destinations out of 1000 (max. 500000)
 41 words of extra memory for PDF output out of 10000 (max. 10000000)

