\BOOKMARK [1][-]{section.1}{T\351cnicas de Acceso al Medio}{}% 1
\BOOKMARK [2][-]{subsection.1.1}{Tramas}{section.1}% 2
\BOOKMARK [2][-]{subsection.1.2}{Acceso por contenci\363n para medios compartidos}{section.1}% 3
\BOOKMARK [2][-]{subsection.1.3}{C.S.M.A.}{section.1}% 4
\BOOKMARK [3][-]{subsubsection.1.3.1}{Detecci\363n de Colisiones}{subsection.1.3}% 5
\BOOKMARK [3][-]{subsubsection.1.3.2}{Prevenci\363n de Colisione}{subsection.1.3}% 6
\BOOKMARK [2][-]{subsection.1.4}{Control de Acceso al Medio, para medios no compartidos}{section.1}% 7
\BOOKMARK [1][-]{section.2}{Hardware de Comunicaci\363n}{}% 8
\BOOKMARK [1][-]{section.3}{Pilas de Protocolos}{}% 9
\BOOKMARK [2][-]{subsection.3.1}{O.S.I.}{section.3}% 10
\BOOKMARK [2][-]{subsection.3.2}{T.C.P./I.P.}{section.3}% 11
\BOOKMARK [1][-]{section.4}{Medios de Transmisi\363n}{}% 12
\BOOKMARK [2][-]{subsection.4.1}{Alambre de Cobre}{section.4}% 13
\BOOKMARK [2][-]{subsection.4.2}{Cable Coaxial}{section.4}% 14
\BOOKMARK [2][-]{subsection.4.3}{Gu\355a de Onda}{section.4}% 15
\BOOKMARK [2][-]{subsection.4.4}{Fibra \323ptica}{section.4}% 16
\BOOKMARK [2][-]{subsection.4.5}{LED}{section.4}% 17
\BOOKMARK [2][-]{subsection.4.6}{LASER}{section.4}% 18
\BOOKMARK [2][-]{subsection.4.7}{Microondas}{section.4}% 19
\BOOKMARK [3][-]{subsubsection.4.7.1}{Algunas de las ventajas}{subsection.4.7}% 20
\BOOKMARK [3][-]{subsubsection.4.7.2}{Desventajas}{subsection.4.7}% 21
\BOOKMARK [2][-]{subsection.4.8}{Sat\351lites}{section.4}% 22
\BOOKMARK [1][-]{section.5}{Atenuaci\363n}{}% 23
\BOOKMARK [2][-]{subsection.5.1}{Bobina de Carga}{section.5}% 24
\BOOKMARK [2][-]{subsection.5.2}{Repetidores y Amplificadores}{section.5}% 25
\BOOKMARK [3][-]{subsubsection.5.2.1}{Repetidores sobre soporte f\355sico}{subsection.5.2}% 26
\BOOKMARK [3][-]{subsubsection.5.2.2}{Repetidores sobre enlace inal\341mbrico}{subsection.5.2}% 27
\BOOKMARK [2][-]{subsection.5.3}{Eco}{section.5}% 28
\BOOKMARK [2][-]{subsection.5.4}{Optimizar Canal}{section.5}% 29
\BOOKMARK [3][-]{subsubsection.5.4.1}{Ancho de Banda}{subsection.5.4}% 30
\BOOKMARK [3][-]{subsubsection.5.4.2}{Interferencia}{subsection.5.4}% 31
\BOOKMARK [1][-]{section.6}{An\341lisis de Fourier }{}% 32
\BOOKMARK [2][-]{subsection.6.1}{Descripci\363n del An\341lisis}{section.6}% 33
\BOOKMARK [2][-]{subsection.6.2}{Transformada Discreta de Fourier}{section.6}% 34
\BOOKMARK [3][-]{subsubsection.6.2.1}{Transformada Rapida de Fourier \(FFT\)}{subsection.6.2}% 35
\BOOKMARK [1][-]{section.7}{Modulaci\363n}{}% 36
\BOOKMARK [2][-]{subsection.7.1}{Se\361al Portadora}{section.7}% 37
\BOOKMARK [2][-]{subsection.7.2}{Tipos de Modulaci\363n}{section.7}% 38
\BOOKMARK [3][-]{subsubsection.7.2.1}{Modulaci\363n Anal\363gica}{subsection.7.2}% 39
\BOOKMARK [3][-]{subsubsection.7.2.2}{Modulaci\363n Digital}{subsection.7.2}% 40
\BOOKMARK [2][-]{subsection.7.3}{Tecnicas de modulaci\363n}{section.7}% 41
\BOOKMARK [1][-]{section.8}{Amplitud modulada}{}% 42
\BOOKMARK [2][-]{subsection.8.1}{Demodulaci\363n}{section.8}% 43
\BOOKMARK [2][-]{subsection.8.2}{\315ndice de modulaci\363n}{section.8}% 44
\BOOKMARK [1][-]{section.9}{Frecuencia Modulada}{}% 45
\BOOKMARK [2][-]{subsection.9.1}{Funcionamiento}{section.9}% 46
\BOOKMARK [3][-]{subsubsection.9.1.1}{Modulador de FM}{subsection.9.1}% 47
\BOOKMARK [3][-]{subsubsection.9.1.2}{Demodulador de FM}{subsection.9.1}% 48
\BOOKMARK [2][-]{subsection.9.2}{Expresi\363n Anal\355tica}{section.9}% 49
\BOOKMARK [1][-]{section.10}{Modulaci\363n de fase}{}% 50
\BOOKMARK [2][-]{subsection.10.1}{Teor\355a}{section.10}% 51
